0 info it worked if it ends with ok
1 verbose cli [ 'C:\\Program Files\\nodejs\\node.exe',
1 verbose cli   'C:\\Program Files\\nodejs\\node_modules\\npm\\bin\\npm-cli.js',
1 verbose cli   'start' ]
2 info using npm@4.0.5
3 info using node@v7.4.0
4 verbose run-script [ 'prestart', 'start', 'poststart' ]
5 info lifecycle hero.neon.moe@1.0.0~prestart: hero.neon.moe@1.0.0
6 silly lifecycle hero.neon.moe@1.0.0~prestart: no script for prestart, continuing
7 info lifecycle hero.neon.moe@1.0.0~start: hero.neon.moe@1.0.0
8 verbose lifecycle hero.neon.moe@1.0.0~start: unsafe-perm in lifecycle true
9 verbose lifecycle hero.neon.moe@1.0.0~start: PATH: C:\Program Files\nodejs\node_modules\npm\bin\node-gyp-bin;D:\programming\hero.neon.moe\node_modules\.bin;C:\ProgramData\Oracle\Java\javapath;C:\Windows\system32;C:\Windows;C:\Windows\System32\Wbem;C:\Windows\System32\WindowsPowerShell\v1.0\;C:\Program Files (x86)\Skype\Phone\;C:\WINDOWS\system32;C:\WINDOWS;C:\WINDOWS\System32\Wbem;C:\WINDOWS\System32\WindowsPowerShell\v1.0\;C:\Program Files (x86)\GtkSharp\2.12\bin;C:\Program Files\Git\cmd;C:\Program Files (x86)\Windows Kits\8.1\Windows Performance Toolkit\;C:\Users\root\.dnx\bin;C:\Program Files\Microsoft DNX\Dnvm\;C:\Program Files\Microsoft SQL Server\130\Tools\Binn\;C:\Program Files\Git LFS;C:\Program Files\Rust stable GNU 1.12\bin;C:\msys64\usr\bin;C:\Program Files (x86)\NVIDIA Corporation\PhysX\Common;D:\programming\cloc;C:\Program Files\nodejs\;C:\Ruby23\bin;C:\Users\Snowball\AppData\Local\Programs\Python\Python35\Scripts\;C:\Users\Snowball\AppData\Local\Programs\Python\Python35\;C:\Users\Snowball\AppData\Local\Programs\Git\cmd;C:\Users\Snowball\AppData\Local\Microsoft\WindowsApps;C:\Users\Snowball\AppData\Roaming\npm;C:\Users\Snowball\AppData\Local\atom\bin
10 verbose lifecycle hero.neon.moe@1.0.0~start: CWD: D:\programming\hero.neon.moe
11 silly lifecycle hero.neon.moe@1.0.0~start: Args: [ '/d /s /c',
11 silly lifecycle   'tsc && sass views/styles/main.scss:views/styles/main.css && node js/index.js' ]
12 silly lifecycle hero.neon.moe@1.0.0~start: Returned: code: 1  signal: null
13 info lifecycle hero.neon.moe@1.0.0~start: Failed to exec start script
14 verbose stack Error: hero.neon.moe@1.0.0 start: `tsc && sass views/styles/main.scss:views/styles/main.css && node js/index.js`
14 verbose stack Exit status 1
14 verbose stack     at EventEmitter.<anonymous> (C:\Program Files\nodejs\node_modules\npm\lib\utils\lifecycle.js:279:16)
14 verbose stack     at emitTwo (events.js:106:13)
14 verbose stack     at EventEmitter.emit (events.js:191:7)
14 verbose stack     at ChildProcess.<anonymous> (C:\Program Files\nodejs\node_modules\npm\lib\utils\spawn.js:40:14)
14 verbose stack     at emitTwo (events.js:106:13)
14 verbose stack     at ChildProcess.emit (events.js:191:7)
14 verbose stack     at maybeClose (internal/child_process.js:885:16)
14 verbose stack     at Process.ChildProcess._handle.onexit (internal/child_process.js:226:5)
15 verbose pkgid hero.neon.moe@1.0.0
16 verbose cwd D:\programming\hero.neon.moe
17 error Windows_NT 10.0.14393
18 error argv "C:\\Program Files\\nodejs\\node.exe" "C:\\Program Files\\nodejs\\node_modules\\npm\\bin\\npm-cli.js" "start"
19 error node v7.4.0
20 error npm  v4.0.5
21 error code ELIFECYCLE
22 error hero.neon.moe@1.0.0 start: `tsc && sass views/styles/main.scss:views/styles/main.css && node js/index.js`
22 error Exit status 1
23 error Failed at the hero.neon.moe@1.0.0 start script 'tsc && sass views/styles/main.scss:views/styles/main.css && node js/index.js'.
23 error Make sure you have the latest version of node.js and npm installed.
23 error If you do, this is most likely a problem with the hero.neon.moe package,
23 error not with npm itself.
23 error Tell the author that this fails on your system:
23 error     tsc && sass views/styles/main.scss:views/styles/main.css && node js/index.js
23 error You can get information on how to open an issue for this project with:
23 error     npm bugs hero.neon.moe
23 error Or if that isn't available, you can get their info via:
23 error     npm owner ls hero.neon.moe
23 error There is likely additional logging output above.
24 verbose exit [ 1, true ]
